Build started 30/09/2012 14:42:20.
     1>Project "C:\Users\Andmin\Documents\Visual Studio 2010\Projects\game_proj\game_proj\game_proj.vcxproj" on node 2 (build target(s)).
     1>InitializeBuildStatus:
         Creating "Debug\game_proj.unsuccessfulbuild" because "AlwaysCreate" was specified.
       ClCompile:
         c:\Program Files\Microsoft Visual Studio 10.0\VC\bin\CL.exe /c /ZI /nologo /W3 /WX- /Od /Oy- /D WIN32 /D _DEBUG /D _CONSOLE /D _UNICODE /D UNICODE /Gm /EHsc /RTC1 /MDd /GS /fp:precise /Zc:wchar_t /Zc:forScope /Fo"Debug\\" /Fd"Debug\vc100.pdb" /Gd /TP /analyze- /errorReport:prompt main.cpp
         main.cpp
       ManifestResourceCompile:
         All outputs are up-to-date.
       Link:
         c:\Program Files\Microsoft Visual Studio 10.0\VC\bin\link.exe /ERRORREPORT:PROMPT /OUT:"C:\Users\Andmin\Documents\Visual Studio 2010\Projects\game_proj\Debug\game_proj.exe" /INCREMENTAL /NOLOGO kernel32.lib user32.lib gdi32.lib winspool.lib comdlg32.lib advapi32.lib shell32.lib ole32.lib oleaut32.lib uuid.lib odbc32.lib odbccp32.lib /MANIFEST /ManifestFile:"Debug\game_proj.exe.intermediate.manifest" /MANIFESTUAC:"level='asInvoker' uiAccess='false'" /DEBUG /PDB:"C:\Users\Andmin\Documents\Visual Studio 2010\Projects\game_proj\Debug\game_proj.pdb" /SUBSYSTEM:CONSOLE /TLBID:1 /DYNAMICBASE /NXCOMPAT /IMPLIB:"C:\Users\Andmin\Documents\Visual Studio 2010\Projects\game_proj\Debug\game_proj.lib" /MACHINE:X86 Debug\game_proj.exe.embed.manifest.res
         Debug\main.obj
       Manifest:
         C:\Program Files\Microsoft SDKs\Windows\v7.0A\bin\mt.exe /nologo /verbose /out:"Debug\game_proj.exe.embed.manifest" /manifest Debug\game_proj.exe.intermediate.manifest
         All outputs are up-to-date.
       LinkEmbedManifest:
         All outputs are up-to-date.
         game_proj.vcxproj -> C:\Users\Andmin\Documents\Visual Studio 2010\Projects\game_proj\Debug\game_proj.exe
       FinalizeBuildStatus:
         Deleting file "Debug\game_proj.unsuccessfulbuild".
         Touching "Debug\game_proj.lastbuildstate".
     1>Done Building Project "C:\Users\Andmin\Documents\Visual Studio 2010\Projects\game_proj\game_proj\game_proj.vcxproj" (build target(s)).

Build succeeded.

Time Elapsed 00:00:02.43
